[33mChecking connectivity to the model hosters, this may take a while. To bypass this check, set `PADDLE_PDX_DISABLE_MODEL_SOURCE_CHECK` to `True`.[0m
/usr/local/lib/python3.11/dist-packages/paddle/utils/cpp_extension/extension_utils.py:711: UserWarning: No ccache found. Please be aware that recompiling all source files may be required. You can download and install ccache from: https://github.com/ccache/ccache/blob/master/doc/INSTALL.md
  warnings.warn(warning_message)
[32mCreating model: ('PP-OCRv5_server_det', None)[0m
[32mModel files already exist. Using cached files. To redownload, please delete the directory manually: `/root/.paddlex/official_models/PP-OCRv5_server_det`.[0m
[32mCreating model: ('en_PP-OCRv5_mobile_rec', None)[0m
[32mModel files already exist. Using cached files. To redownload, please delete the directory manually: `/root/.paddlex/official_models/en_PP-OCRv5_mobile_rec`.[0m
[2026-04-21 17:08:44,397] [ WARNING] client.py:341 - PyNaCl is not installed, voice will NOT be supported
[2026-04-21 17:08:44,397] [ WARNING] client.py:345 - davey is not installed, voice will NOT be supported
[2026-04-21 17:08:44] [INFO    ] discord.client: logging in using static token
[2026-04-21 17:08:44,669] [    INFO] client.py:670 - logging in using static token
[2026-04-21 17:08:47] [INFO    ] discord.gateway: Shard ID None has connected to Gateway (Session ID: 5c20485cd506bafbd74ba8372e93e586).
[2026-04-21 17:08:47,227] [    INFO] gateway.py:579 - Shard ID None has connected to Gateway (Session ID: 5c20485cd506bafbd74ba8372e93e586).


--------------------------------------
C++ Traceback (most recent call last):
--------------------------------------
No stack trace in paddle, may be caused by external reasons.

----------------------
Error Message Summary:
----------------------
FatalError: `Termination signal` is detected by the operating system.
  [TimeInfo: *** Aborted at 1776792280 (unix time) try "date -d @1776792280" if you are using GNU date ***]
  [SignalInfo: *** SIGTERM (@0x1e00f) received by PID 121691 (TID 0x7f23a2333040) from PID 122895 ***]

